<?xml version="1.0" encoding="UTF-8"?>
<testsuites>
    <testsuite name="force.apex" timestamp="2020-04-19T16:49:56-04:00" hostname="https://gwi--ersmith.my.salesforce.com" tests="1" failures="1"  errors="0"  time="0.02">
        <properties>
            <property name="outcome" value="Failed"/>
            <property name="testsRan" value="1"/>
            <property name="passing" value="0"/>
            <property name="failing" value="1"/>
            <property name="skipped" value="0"/>
            <property name="passRate" value="0%"/>
            <property name="failRate" value="100%"/>
            <property name="testStartTime" value="Apr 19, 2020 4:49 PM"/>
            <property name="testExecutionTime" value="0.02 s"/>
            <property name="testTotalTime" value="0.02 s"/>
            <property name="commandTime" value="4.45 s"/>
            <property name="hostname" value="https://gwi--ersmith.my.salesforce.com"/>
            <property name="orgId" value="00D6C0000008oXLUAY"/>
            <property name="username" value="ericrsmith@staff.gwi.net.ersmith"/>
            <property name="testRunId" value="7076C00000sCeCG"/>
            <property name="userId" value="005600000019cXWAAY"/>
        </properties>
        <testcase name="CanGetRecordType" classname="GetLayoutFieldsTest" time="0.02">
            <failure message="System.ListException: List index out of bounds: 0"><![CDATA[Class.GetLayoutFields.get: line 18, column 1
Class.GetLayoutFieldsTest.CanGetRecordType: line 20, column 1]]></failure>
        </testcase>
    </testsuite>
</testsuites>
